0 info it worked if it ends with ok
1 verbose cli [ 'C:\\Program Files\\nodejs\\\\node.exe',
1 verbose cli   'C:\\Program Files\\nodejs\\node_modules\\npm\\bin\\npm-cli.js',
1 verbose cli   '--proxy',
1 verbose cli   'http://i676680:admadm09@swzeuproxy.eu.admworld.com:80',
1 verbose cli   'install',
1 verbose cli   'mariadb',
1 verbose cli   '--msvs_versio=2013' ]
2 info using npm@1.4.28
3 info using node@v0.10.33
4 verbose node symlink C:\Program Files\nodejs\\node.exe
5 verbose readDependencies using package.json deps
6 verbose cache add [ 'mariadb', null ]
7 verbose cache add name=undefined spec="mariadb" args=["mariadb",null]
8 verbose parsed url { protocol: null,
8 verbose parsed url   slashes: null,
8 verbose parsed url   auth: null,
8 verbose parsed url   host: null,
8 verbose parsed url   port: null,
8 verbose parsed url   hostname: null,
8 verbose parsed url   hash: null,
8 verbose parsed url   search: null,
8 verbose parsed url   query: null,
8 verbose parsed url   pathname: 'mariadb',
8 verbose parsed url   path: 'mariadb',
8 verbose parsed url   href: 'mariadb' }
9 silly lockFile 378e3bca-mariadb mariadb
10 verbose lock mariadb C:\Users\i676680\AppData\Roaming\npm-cache\378e3bca-mariadb.lock
11 silly lockFile 378e3bca-mariadb mariadb
12 silly lockFile 378e3bca-mariadb mariadb
13 verbose addNamed [ 'mariadb', '' ]
14 verbose addNamed [ null, '*' ]
15 silly lockFile 38b25326-mariadb mariadb@
16 verbose lock mariadb@ C:\Users\i676680\AppData\Roaming\npm-cache\38b25326-mariadb.lock
17 silly addNameRange { name: 'mariadb', range: '*', hasData: false }
18 verbose request where is /mariadb
19 verbose request registry http://registry.npmjs.org/
20 verbose request id 30bced6b1452d6c4
21 verbose url raw /mariadb
22 verbose url resolving [ 'http://registry.npmjs.org/', './mariadb' ]
23 verbose url resolved http://registry.npmjs.org/mariadb
24 verbose request where is http://registry.npmjs.org/mariadb
25 info trying registry request attempt 1 at 13:58:34
26 http GET http://registry.npmjs.org/mariadb
27 http 404 http://registry.npmjs.org/mariadb
28 silly registry.get cb [ 404,
28 silly registry.get   { 'content-type': 'application/json',
28 silly registry.get     'cache-control': 'max-age=0',
28 silly registry.get     'content-length': '2',
28 silly registry.get     'accept-ranges': 'bytes',
28 silly registry.get     date: 'Thu, 27 Aug 2015 11:58:35 GMT',
28 silly registry.get     via: '1.1 varnish',
28 silly registry.get     age: '0',
28 silly registry.get     'x-served-by': 'cache-ord1720-ORD',
28 silly registry.get     'x-cache': 'MISS',
28 silly registry.get     'x-cache-hits': '0',
28 silly registry.get     'x-timer': 'S1440676714.730944,VS0,VE306',
28 silly registry.get     connection: 'Keep-Alive' } ]
29 silly lockFile 38b25326-mariadb mariadb@
30 silly lockFile 38b25326-mariadb mariadb@
31 error 404 Not Found
31 error 404
31 error 404 'mariadb' is not in the npm registry.
31 error 404 You should bug the author to publish it
31 error 404 It was specified as a dependency of 'gf1'
31 error 404
31 error 404 Note that you can also install from a
31 error 404 tarball, folder, or http url, or git url.
32 error System Windows_NT 6.1.7601
33 error command "C:\\Program Files\\nodejs\\\\node.exe" "C:\\Program Files\\nodejs\\node_modules\\npm\\bin\\npm-cli.js" "--proxy" "http://i676680:admadm09@swzeuproxy.eu.admworld.com:80" "install" "mariadb" "--msvs_versio=2013"
34 error cwd C:\Users\i676680\Desktop\gf1\gf1
35 error node -v v0.10.33
36 error npm -v 1.4.28
37 error code E404
38 verbose exit [ 1, true ]
